<?xml version="1.0" encoding="UTF-8"?>
<!-- Generated by org.testng.reporters.JUnitXMLReporter -->
<testsuite ignored="0" hostname="MAA2-5CG128971J" failures="0" tests="7" name="Data Driven Tests" time="139.454" errors="0" timestamp="2025-12-28T16:42:25 IST">
  <testcase classname="Testcases.LoginDataDrivenTest" name="testLoginWithLocalDataProvider" time="45.345"/>
  <testcase classname="Testcases.LoginDataDrivenTest" name="testLoginWithLocalDataProvider" time="15.619"/>
  <testcase classname="Testcases.LoginDataDrivenTest" name="testLoginWithLocalDataProvider" time="14.214"/>
  <testcase classname="Testcases.LoginDataDrivenTest" name="testLoginWithExternalDataProvider" time="9.711"/>
  <testcase classname="Testcases.LoginDataDrivenTest" name="testLoginWithExternalDataProvider" time="7.478"/>
  <testcase classname="Testcases.LoginDataDrivenTest" name="testLoginWithExternalDataProvider" time="11.368"/>
  <testcase classname="Testcases.LoginDataDrivenTest" name="testLoginAndUpdateResult" time="17.282"/>
</testsuite> <!-- Data Driven Tests -->
