<?xml version="1.0" encoding="UTF-8"?>
<!-- Generated by org.testng.reporters.JUnitXMLReporter -->
<testsuite ignored="0" hostname="MAA2-5CG128971J" failures="1" tests="3" name="Firefox Browser Tests" time="107.164" errors="0" timestamp="2025-12-28T13:23:06 IST">
  <testcase classname="Testcases.LoginTestCase" name="validLoginTest" time="26.974">
    <failure type="java.lang.AssertionError" message="Valid Login Failed! expected [true] but found [false]">
      <![CDATA[java.lang.AssertionError: Valid Login Failed! expected [true] but found [false]
at Testcases.LoginTestCase.validLoginTest(LoginTestCase.java:44)
at java.base/java.util.ArrayList.forEach(ArrayList.java:1597)
at java.base/java.util.concurrent.FutureTask.run(FutureTask.java:317)
at java.base/java.util.concurrent.ThreadPoolExecutor.runWorker(ThreadPoolExecutor.java:1144)
at java.base/java.util.concurrent.ThreadPoolExecutor$Worker.run(ThreadPoolExecutor.java:642)
at java.base/java.lang.Thread.run(Thread.java:1570)
... Removed 18 stack frames]]>
    </failure>
  </testcase> <!-- validLoginTest -->
  <testcase classname="Testcases.LoginTestCase" name="invalidLoginTest" time="3.432"/>
  <testcase classname="Testcases.LoginTestCase" name="emptyCredentialsTest" time="17.881"/>
</testsuite> <!-- Firefox Browser Tests -->
