<?xml version="1.0" encoding="UTF-8"?>
<!-- Generated by org.testng.reporters.JUnitXMLReporter -->
<testsuite ignored="4" hostname="MAA2-5CG128971J" failures="1" tests="3" name="All Except DataDriven" time="109.906" errors="0" timestamp="2026-01-04T12:10:05 IST">
  <testcase classname="Testcases.LoginTestCase" name="testValidLogin" time="30.071">
    <failure type="java.lang.AssertionError" message="Login should be successful expected [true] but found [false]">
      <![CDATA[java.lang.AssertionError: Login should be successful expected [true] but found [false]
at Testcases.LoginTestCase.testValidLogin(LoginTestCase.java:55)
at java.base/java.util.ArrayList.forEach(ArrayList.java:1597)
... Removed 32 stack frames]]>
    </failure>
  </testcase> <!-- testValidLogin -->
  <testcase classname="Testcases.LoginTestCase" name="testInvalidLogin" time="8.933"/>
  <testcase classname="Testcases.LoginTestCase" name="testEmptyCredentials" time="46.328"/>
  <testcase classname="Testcases.LoginDataDrivenTest" name="testLoginWithLocalDataProvider" time="0.0">
    <ignored/>
  </testcase> <!-- testLoginWithLocalDataProvider -->
  <testcase classname="Testcases.LoginDataDrivenTest" name="testLoginWithExternalDataProvider" time="0.0">
    <ignored/>
  </testcase> <!-- testLoginWithExternalDataProvider -->
  <testcase classname="Testcases.LoginDataDrivenTest" name="testLoginAndUpdateResult" time="0.0">
    <ignored/>
  </testcase> <!-- testLoginAndUpdateResult -->
  <testcase classname="Testcases.LoginTestCase" name="testLoginPageDisplayed" time="0.0">
    <ignored/>
  </testcase> <!-- testLoginPageDisplayed -->
</testsuite> <!-- All Except DataDriven -->
