<?xml version="1.0" encoding="UTF-8"?>
<!-- Generated by org.testng.reporters.JUnitXMLReporter -->
<testsuite ignored="0" hostname="MAA2-5CG128971J" failures="0" tests="7" name="Data Driven Tests" time="99.979" errors="0" timestamp="2026-01-04T12:08:12 IST">
  <testcase classname="Testcases.LoginDataDrivenTest" name="testLoginWithLocalDataProvider" time="9.246"/>
  <testcase classname="Testcases.LoginDataDrivenTest" name="testLoginWithLocalDataProvider" time="5.199"/>
  <testcase classname="Testcases.LoginDataDrivenTest" name="testLoginWithLocalDataProvider" time="5.348"/>
  <testcase classname="Testcases.LoginDataDrivenTest" name="testLoginWithExternalDataProvider" time="7.368"/>
  <testcase classname="Testcases.LoginDataDrivenTest" name="testLoginWithExternalDataProvider" time="5.349"/>
  <testcase classname="Testcases.LoginDataDrivenTest" name="testLoginWithExternalDataProvider" time="5.309"/>
  <testcase classname="Testcases.LoginDataDrivenTest" name="testLoginAndUpdateResult" time="12.01"/>
</testsuite> <!-- Data Driven Tests -->
