<?xml version="1.0" encoding="UTF-8"?>
<!-- Generated by org.testng.reporters.JUnitXMLReporter -->
<testsuite ignored="3" hostname="MAA2-5CG128971J" failures="0" tests="1" name="Sanity Tests" time="13.624" errors="0" timestamp="2026-01-04T12:06:29 IST">
  <testcase classname="Testcases.LoginTestCase" name="testLoginPageDisplayed" time="3.368"/>
  <testcase classname="Testcases.LoginTestCase" name="testValidLogin" time="0.0">
    <ignored/>
  </testcase> <!-- testValidLogin -->
  <testcase classname="Testcases.LoginTestCase" name="testInvalidLogin" time="0.0">
    <ignored/>
  </testcase> <!-- testInvalidLogin -->
  <testcase classname="Testcases.LoginTestCase" name="testEmptyCredentials" time="0.0">
    <ignored/>
  </testcase> <!-- testEmptyCredentials -->
</testsuite> <!-- Sanity Tests -->
