<?xml version="1.0" encoding="UTF-8"?>
<!-- Generated by org.testng.reporters.JUnitXMLReporter -->
<testsuite ignored="5" hostname="MAA2-5CG128971J" failures="1" tests="2" name="Smoke Tests" time="47.773" errors="0" timestamp="2026-01-04T12:06:14 IST">
  <testcase classname="Testcases.LoginTestCase" name="testValidLogin" time="25.485">
    <failure type="java.lang.AssertionError" message="Login should be successful expected [true] but found [false]">
      <![CDATA[java.lang.AssertionError: Login should be successful expected [true] but found [false]
at Testcases.LoginTestCase.testValidLogin(LoginTestCase.java:55)
at java.base/java.util.ArrayList.forEach(ArrayList.java:1597)
... Removed 32 stack frames]]>
    </failure>
  </testcase> <!-- testValidLogin -->
  <testcase classname="Testcases.LoginTestCase" name="testInvalidLogin" time="5.832"/>
  <testcase classname="Testcases.LoginDataDrivenTest" name="testLoginAndUpdateResult" time="0.0">
    <ignored/>
  </testcase> <!-- testLoginAndUpdateResult -->
  <testcase classname="Testcases.LoginTestCase" name="testEmptyCredentials" time="0.0">
    <ignored/>
  </testcase> <!-- testEmptyCredentials -->
  <testcase classname="Testcases.LoginDataDrivenTest" name="testLoginWithExternalDataProvider" time="0.0">
    <ignored/>
  </testcase> <!-- testLoginWithExternalDataProvider -->
  <testcase classname="Testcases.LoginDataDrivenTest" name="testLoginWithLocalDataProvider" time="0.0">
    <ignored/>
  </testcase> <!-- testLoginWithLocalDataProvider -->
  <testcase classname="Testcases.LoginTestCase" name="testLoginPageDisplayed" time="0.0">
    <ignored/>
  </testcase> <!-- testLoginPageDisplayed -->
</testsuite> <!-- Smoke Tests -->
