<?xml version="1.0" encoding="UTF-8"?>
<testsuite xmlns:xsi="http://www.w3.org/2001/XMLSchema-instance" xsi:noNamespaceSchemaLocation="https://maven.apache.org/surefire/maven-surefire-plugin/xsd/surefire-test-report-3.0.xsd" version="3.0" name="TestSuite" time="283.206" tests="13" errors="0" skipped="0" failures="2">
  <properties>
[...]
</properties>
  <testcase name="testValidLogin" classname="Testcases.LoginTestCase" time="25.632">
    <failure message="Login should be successful expected [true] but found [false]" type="java.lang.AssertionError"><![CDATA[java.lang.AssertionError: Login should be successful expected [true] but found [false]
	at org.testng.Assert.fail(Assert.java:111)
	at org.testng.Assert.failNotEquals(Assert.java:1578)
	at org.testng.Assert.assertTrue(Assert.java:57)
	at Testcases.LoginTestCase.testValidLogin(LoginTestCase.java:55)
	at java.base/jdk.internal.reflect.DirectMethodHandleAccessor.invoke(DirectMethodHandleAccessor.java:103)
	at java.base/java.lang.reflect.Method.invoke(Method.java:580)
	at org.testng.internal.invokers.MethodInvocationHelper.invokeMethod(MethodInvocationHelper.java:139)
	at org.testng.internal.invokers.TestInvoker.invokeMethod(TestInvoker.java:664)
	at org.testng.internal.invokers.TestInvoker.invokeTestMethod(TestInvoker.java:228)
	at org.testng.internal.invokers.MethodRunner.runInSequence(MethodRunner.java:63)
	at org.testng.internal.invokers.TestInvoker$MethodInvocationAgent.invoke(TestInvoker.java:961)
	at org.testng.internal.invokers.TestInvoker.invokeTestMethods(TestInvoker.java:201)
	at org.testng.internal.invokers.TestMethodWorker.invokeTestMethods(TestMethodWorker.java:148)
	at org.testng.internal.invokers.TestMethodWorker.run(TestMethodWorker.java:128)
	at java.base/java.util.ArrayList.forEach(ArrayList.java:1597)
	at org.testng.TestRunner.privateRun(TestRunner.java:819)
	at org.testng.TestRunner.run(TestRunner.java:619)
	at org.testng.SuiteRunner.runTest(SuiteRunner.java:443)
	at org.testng.SuiteRunner.runSequentially(SuiteRunner.java:437)
	at org.testng.SuiteRunner.privateRun(SuiteRunner.java:397)
	at org.testng.SuiteRunner.run(SuiteRunner.java:336)
	at org.testng.SuiteRunnerWorker.runSuite(SuiteRunnerWorker.java:52)
	at org.testng.SuiteRunnerWorker.run(SuiteRunnerWorker.java:95)
	at org.testng.TestNG.runSuitesSequentially(TestNG.java:1301)
	at org.testng.TestNG.runSuitesLocally(TestNG.java:1228)
	at org.testng.TestNG.runSuites(TestNG.java:1134)
	at org.testng.TestNG.run(TestNG.java:1101)
	at org.apache.maven.surefire.testng.TestNGExecutor.run(TestNGExecutor.java:308)
	at org.apache.maven.surefire.testng.TestNGXmlTestSuite.execute(TestNGXmlTestSuite.java:71)
	at org.apache.maven.surefire.testng.TestNGProvider.invoke(TestNGProvider.java:113)
	at org.apache.maven.surefire.booter.ForkedBooter.runSuitesInProcess(ForkedBooter.java:385)
	at org.apache.maven.surefire.booter.ForkedBooter.execute(ForkedBooter.java:162)
	at org.apache.maven.surefire.booter.ForkedBooter.run(ForkedBooter.java:507)
	at org.apache.maven.surefire.booter.ForkedBooter.main(ForkedBooter.java:495)
]]></failure>
    <system-out><![CDATA[...
... TestNG 7.9.0 by Cédric Beust (cedric@beust.com)
...

2026-01-04 12:05:24 [main] INFO  Testcases.LoginTestCase - Config file loaded successfully
2026-01-04 12:05:28 [main] INFO  Testcases.LoginTestCase - Local WebDriver initialized
2026-01-04 12:05:28 [main] INFO  Testcases.LoginTestCase - Local Browser launched: chrome
2026-01-04 12:05:32 [main] INFO  Testcases.LoginTestCase - Navigated to: https://opensource-demo.orangehrmlive.com/web/index.php/auth/login
2026-01-04 12:05:32 [main] INFO  Testcases.LoginTestCase - Navigated to: https://opensource-demo.orangehrmlive.com/web/index.php/auth/login
2026-01-04 12:05:57 [main] ERROR Testcases.LoginTestCase - ✗ Login failed for: Admin
]]></system-out>
    <system-err><![CDATA[SLF4J: Failed to load class "org.slf4j.impl.StaticLoggerBinder".
SLF4J: Defaulting to no-operation (NOP) logger implementation
SLF4J: See http://www.slf4j.org/codes.html#StaticLoggerBinder for further details.
Jan 04, 2026 12:05:28 PM org.openqa.selenium.devtools.CdpVersionFinder findNearestMatch
WARNING: Unable to find CDP implementation matching 143
Jan 04, 2026 12:05:28 PM org.openqa.selenium.chromium.ChromiumDriver lambda$new$5
WARNING: Unable to find version of CDP to use for 143.0.7499.170. You may need to include a dependency on a specific version of the CDP using something similar to `org.seleniumhq.selenium:selenium-devtools-v86:4.15.0` where the version ("v86") matches the version of the chromium-based browser you're using and the version number of the artifact is the same as Selenium's.
]]></system-err>
  </testcase>
  <testcase name="testValidLogin" classname="Testcases.LoginTestCase" time="30.266">
    <failure message="Login should be successful expected [true] but found [false]" type="java.lang.AssertionError"><![CDATA[java.lang.AssertionError: Login should be successful expected [true] but found [false]
	at org.testng.Assert.fail(Assert.java:111)
	at org.testng.Assert.failNotEquals(Assert.java:1578)
	at org.testng.Assert.assertTrue(Assert.java:57)
	at Testcases.LoginTestCase.testValidLogin(LoginTestCase.java:55)
	at java.base/jdk.internal.reflect.DirectMethodHandleAccessor.invoke(DirectMethodHandleAccessor.java:103)
	at java.base/java.lang.reflect.Method.invoke(Method.java:580)
	at org.testng.internal.invokers.MethodInvocationHelper.invokeMethod(MethodInvocationHelper.java:139)
	at org.testng.internal.invokers.TestInvoker.invokeMethod(TestInvoker.java:664)
	at org.testng.internal.invokers.TestInvoker.invokeTestMethod(TestInvoker.java:228)
	at org.testng.internal.invokers.MethodRunner.runInSequence(MethodRunner.java:63)
	at org.testng.internal.invokers.TestInvoker$MethodInvocationAgent.invoke(TestInvoker.java:961)
	at org.testng.internal.invokers.TestInvoker.invokeTestMethods(TestInvoker.java:201)
	at org.testng.internal.invokers.TestMethodWorker.invokeTestMethods(TestMethodWorker.java:148)
	at org.testng.internal.invokers.TestMethodWorker.run(TestMethodWorker.java:128)
	at java.base/java.util.ArrayList.forEach(ArrayList.java:1597)
	at org.testng.TestRunner.privateRun(TestRunner.java:819)
	at org.testng.TestRunner.run(TestRunner.java:619)
	at org.testng.SuiteRunner.runTest(SuiteRunner.java:443)
	at org.testng.SuiteRunner.runSequentially(SuiteRunner.java:437)
	at org.testng.SuiteRunner.privateRun(SuiteRunner.java:397)
	at org.testng.SuiteRunner.run(SuiteRunner.java:336)
	at org.testng.SuiteRunnerWorker.runSuite(SuiteRunnerWorker.java:52)
	at org.testng.SuiteRunnerWorker.run(SuiteRunnerWorker.java:95)
	at org.testng.TestNG.runSuitesSequentially(TestNG.java:1301)
	at org.testng.TestNG.runSuitesLocally(TestNG.java:1228)
	at org.testng.TestNG.runSuites(TestNG.java:1134)
	at org.testng.TestNG.run(TestNG.java:1101)
	at org.apache.maven.surefire.testng.TestNGExecutor.run(TestNGExecutor.java:308)
	at org.apache.maven.surefire.testng.TestNGXmlTestSuite.execute(TestNGXmlTestSuite.java:71)
	at org.apache.maven.surefire.testng.TestNGProvider.invoke(TestNGProvider.java:113)
	at org.apache.maven.surefire.booter.ForkedBooter.runSuitesInProcess(ForkedBooter.java:385)
	at org.apache.maven.surefire.booter.ForkedBooter.execute(ForkedBooter.java:162)
	at org.apache.maven.surefire.booter.ForkedBooter.run(ForkedBooter.java:507)
	at org.apache.maven.surefire.booter.ForkedBooter.main(ForkedBooter.java:495)
]]></failure>
    <system-out><![CDATA[2026-01-04 12:08:09 [main] INFO  Testcases.LoginDataDrivenTest - Browser closed
2026-01-04 12:08:12 [main] INFO  Testcases.LoginTestCase - Config file loaded successfully
2026-01-04 12:08:16 [main] INFO  Testcases.LoginTestCase - Local WebDriver initialized
2026-01-04 12:08:16 [main] INFO  Testcases.LoginTestCase - Local Browser launched: chrome
2026-01-04 12:08:17 [main] INFO  Testcases.LoginTestCase - Navigated to: https://opensource-demo.orangehrmlive.com/web/index.php/auth/login
2026-01-04 12:08:21 [main] INFO  Testcases.LoginTestCase - Navigated to: https://opensource-demo.orangehrmlive.com/web/index.php/auth/login
2026-01-04 12:08:47 [main] ERROR Testcases.LoginTestCase - ✗ Login failed for: Admin
]]></system-out>
    <system-err><![CDATA[Jan 04, 2026 12:08:16 PM org.openqa.selenium.devtools.CdpVersionFinder findNearestMatch
WARNING: Unable to find CDP implementation matching 143
Jan 04, 2026 12:08:16 PM org.openqa.selenium.chromium.ChromiumDriver lambda$new$5
WARNING: Unable to find version of CDP to use for 143.0.7499.170. You may need to include a dependency on a specific version of the CDP using something similar to `org.seleniumhq.selenium:selenium-devtools-v86:4.15.0` where the version ("v86") matches the version of the chromium-based browser you're using and the version number of the artifact is the same as Selenium's.
]]></system-err>
  </testcase>
  <testcase name="testInvalidLogin" classname="Testcases.LoginTestCase" time="5.835">
    <system-out><![CDATA[2026-01-04 12:05:58 [main] INFO  Testcases.LoginTestCase - Browser closed
2026-01-04 12:05:58 [main] INFO  Testcases.LoginTestCase - Config file loaded successfully
2026-01-04 12:06:00 [main] INFO  Testcases.LoginTestCase - Local WebDriver initialized
2026-01-04 12:06:00 [main] INFO  Testcases.LoginTestCase - Local Browser launched: chrome
2026-01-04 12:06:04 [main] INFO  Testcases.LoginTestCase - Navigated to: https://opensource-demo.orangehrmlive.com/web/index.php/auth/login
2026-01-04 12:06:05 [main] INFO  Testcases.LoginTestCase - Navigated to: https://opensource-demo.orangehrmlive.com/web/index.php/auth/login
2026-01-04 12:06:10 [main] INFO  Testcases.LoginTestCase - ✓ Login failed as expected for: InvalidUser
]]></system-out>
    <system-err><![CDATA[Jan 04, 2026 12:06:00 PM org.openqa.selenium.devtools.CdpVersionFinder findNearestMatch
WARNING: Unable to find CDP implementation matching 143
Jan 04, 2026 12:06:00 PM org.openqa.selenium.chromium.ChromiumDriver lambda$new$5
WARNING: Unable to find version of CDP to use for 143.0.7499.170. You may need to include a dependency on a specific version of the CDP using something similar to `org.seleniumhq.selenium:selenium-devtools-v86:4.15.0` where the version ("v86") matches the version of the chromium-based browser you're using and the version number of the artifact is the same as Selenium's.
]]></system-err>
  </testcase>
  <testcase name="testInvalidLogin" classname="Testcases.LoginTestCase" time="8.933">
    <system-out><![CDATA[2026-01-04 12:08:48 [main] INFO  Testcases.LoginTestCase - Browser closed
2026-01-04 12:08:48 [main] INFO  Testcases.LoginTestCase - Config file loaded successfully
2026-01-04 12:08:51 [main] INFO  Testcases.LoginTestCase - Local WebDriver initialized
2026-01-04 12:08:51 [main] INFO  Testcases.LoginTestCase - Local Browser launched: chrome
2026-01-04 12:08:58 [main] INFO  Testcases.LoginTestCase - Navigated to: https://opensource-demo.orangehrmlive.com/web/index.php/auth/login
2026-01-04 12:09:00 [main] INFO  Testcases.LoginTestCase - Navigated to: https://opensource-demo.orangehrmlive.com/web/index.php/auth/login
2026-01-04 12:09:07 [main] INFO  Testcases.LoginTestCase - ✓ Login failed as expected for: InvalidUser
]]></system-out>
    <system-err><![CDATA[Jan 04, 2026 12:08:51 PM org.openqa.selenium.devtools.CdpVersionFinder findNearestMatch
WARNING: Unable to find CDP implementation matching 143
Jan 04, 2026 12:08:51 PM org.openqa.selenium.chromium.ChromiumDriver lambda$new$5
WARNING: Unable to find version of CDP to use for 143.0.7499.170. You may need to include a dependency on a specific version of the CDP using something similar to `org.seleniumhq.selenium:selenium-devtools-v86:4.15.0` where the version ("v86") matches the version of the chromium-based browser you're using and the version number of the artifact is the same as Selenium's.
]]></system-err>
  </testcase>
  <testcase name="testLoginPageDisplayed" classname="Testcases.LoginTestCase" time="3.368">
    <system-out><![CDATA[2026-01-04 12:06:11 [main] INFO  Testcases.LoginTestCase - Browser closed
2026-01-04 12:06:14 [main] INFO  Testcases.LoginTestCase - Config file loaded successfully
2026-01-04 12:06:19 [main] INFO  Testcases.LoginTestCase - Local WebDriver initialized
2026-01-04 12:06:19 [main] INFO  Testcases.LoginTestCase - Local Browser launched: chrome
2026-01-04 12:06:24 [main] INFO  Testcases.LoginTestCase - Navigated to: https://opensource-demo.orangehrmlive.com/web/index.php/auth/login
]]></system-out>
    <system-err><![CDATA[Jan 04, 2026 12:06:19 PM org.openqa.selenium.devtools.CdpVersionFinder findNearestMatch
WARNING: Unable to find CDP implementation matching 143
Jan 04, 2026 12:06:19 PM org.openqa.selenium.chromium.ChromiumDriver lambda$new$5
WARNING: Unable to find version of CDP to use for 143.0.7499.170. You may need to include a dependency on a specific version of the CDP using something similar to `org.seleniumhq.selenium:selenium-devtools-v86:4.15.0` where the version ("v86") matches the version of the chromium-based browser you're using and the version number of the artifact is the same as Selenium's.
]]></system-err>
  </testcase>
  <testcase name="testEmptyCredentials" classname="Testcases.LoginTestCase" time="46.327">
    <system-out><![CDATA[2026-01-04 12:09:08 [main] INFO  Testcases.LoginTestCase - Browser closed
2026-01-04 12:09:08 [main] INFO  Testcases.LoginTestCase - Config file loaded successfully
2026-01-04 12:09:10 [main] INFO  Testcases.LoginTestCase - Local WebDriver initialized
2026-01-04 12:09:10 [main] INFO  Testcases.LoginTestCase - Local Browser launched: chrome
2026-01-04 12:09:15 [main] INFO  Testcases.LoginTestCase - Navigated to: https://opensource-demo.orangehrmlive.com/web/index.php/auth/login
]]></system-out>
    <system-err><![CDATA[Jan 04, 2026 12:09:10 PM org.openqa.selenium.devtools.CdpVersionFinder findNearestMatch
WARNING: Unable to find CDP implementation matching 143
Jan 04, 2026 12:09:10 PM org.openqa.selenium.chromium.ChromiumDriver lambda$new$5
WARNING: Unable to find version of CDP to use for 143.0.7499.170. You may need to include a dependency on a specific version of the CDP using something similar to `org.seleniumhq.selenium:selenium-devtools-v86:4.15.0` where the version ("v86") matches the version of the chromium-based browser you're using and the version number of the artifact is the same as Selenium's.
]]></system-err>
  </testcase>
  <testcase name="testLoginWithLocalDataProvider[Admin, admin123, Pass](1)" classname="Testcases.LoginDataDrivenTest" time="9.247">
    <system-out><![CDATA[2026-01-04 12:06:27 [main] INFO  Testcases.LoginTestCase - Browser closed
2026-01-04 12:06:29 [main] INFO  Testcases.LoginDataDrivenTest - Config file loaded successfully
2026-01-04 12:06:32 [main] INFO  Testcases.LoginDataDrivenTest - Local WebDriver initialized
2026-01-04 12:06:32 [main] INFO  Testcases.LoginDataDrivenTest - Local Browser launched: chrome
2026-01-04 12:06:35 [main] INFO  Testcases.LoginDataDrivenTest - Navigated to: https://opensource-demo.orangehrmlive.com/web/index.php/auth/login
2026-01-04 12:06:36 [main] INFO  Testcases.LoginDataDrivenTest - Navigated to: https://opensource-demo.orangehrmlive.com/web/index.php/auth/login
]]></system-out>
    <system-err><![CDATA[Jan 04, 2026 12:06:32 PM org.openqa.selenium.devtools.CdpVersionFinder findNearestMatch
WARNING: Unable to find CDP implementation matching 143
Jan 04, 2026 12:06:32 PM org.openqa.selenium.chromium.ChromiumDriver lambda$new$5
WARNING: Unable to find version of CDP to use for 143.0.7499.170. You may need to include a dependency on a specific version of the CDP using something similar to `org.seleniumhq.selenium:selenium-devtools-v86:4.15.0` where the version ("v86") matches the version of the chromium-based browser you're using and the version number of the artifact is the same as Selenium's.
]]></system-err>
  </testcase>
  <testcase name="testLoginWithLocalDataProvider[fdhg, ghkgf, Fail](2)" classname="Testcases.LoginDataDrivenTest" time="5.199">
    <system-out><![CDATA[2026-01-04 12:06:46 [main] INFO  Testcases.LoginDataDrivenTest - Browser closed
2026-01-04 12:06:46 [main] INFO  Testcases.LoginDataDrivenTest - Config file loaded successfully
2026-01-04 12:06:49 [main] INFO  Testcases.LoginDataDrivenTest - Local WebDriver initialized
2026-01-04 12:06:49 [main] INFO  Testcases.LoginDataDrivenTest - Local Browser launched: chrome
2026-01-04 12:06:53 [main] INFO  Testcases.LoginDataDrivenTest - Navigated to: https://opensource-demo.orangehrmlive.com/web/index.php/auth/login
2026-01-04 12:06:54 [main] INFO  Testcases.LoginDataDrivenTest - Navigated to: https://opensource-demo.orangehrmlive.com/web/index.php/auth/login
]]></system-out>
    <system-err><![CDATA[Jan 04, 2026 12:06:49 PM org.openqa.selenium.devtools.CdpVersionFinder findNearestMatch
WARNING: Unable to find CDP implementation matching 143
Jan 04, 2026 12:06:49 PM org.openqa.selenium.chromium.ChromiumDriver lambda$new$5
WARNING: Unable to find version of CDP to use for 143.0.7499.170. You may need to include a dependency on a specific version of the CDP using something similar to `org.seleniumhq.selenium:selenium-devtools-v86:4.15.0` where the version ("v86") matches the version of the chromium-based browser you're using and the version number of the artifact is the same as Selenium's.
]]></system-err>
  </testcase>
  <testcase name="testLoginWithLocalDataProvider[jkjjkhhg, jgllijtli, Fail](3)" classname="Testcases.LoginDataDrivenTest" time="5.349">
    <system-out><![CDATA[2026-01-04 12:06:59 [main] INFO  Testcases.LoginDataDrivenTest - Browser closed
2026-01-04 12:06:59 [main] INFO  Testcases.LoginDataDrivenTest - Config file loaded successfully
2026-01-04 12:07:01 [main] INFO  Testcases.LoginDataDrivenTest - Local WebDriver initialized
2026-01-04 12:07:01 [main] INFO  Testcases.LoginDataDrivenTest - Local Browser launched: chrome
2026-01-04 12:07:05 [main] INFO  Testcases.LoginDataDrivenTest - Navigated to: https://opensource-demo.orangehrmlive.com/web/index.php/auth/login
2026-01-04 12:07:06 [main] INFO  Testcases.LoginDataDrivenTest - Navigated to: https://opensource-demo.orangehrmlive.com/web/index.php/auth/login
]]></system-out>
    <system-err><![CDATA[Jan 04, 2026 12:07:01 PM org.openqa.selenium.devtools.CdpVersionFinder findNearestMatch
WARNING: Unable to find CDP implementation matching 143
Jan 04, 2026 12:07:01 PM org.openqa.selenium.chromium.ChromiumDriver lambda$new$5
WARNING: Unable to find version of CDP to use for 143.0.7499.170. You may need to include a dependency on a specific version of the CDP using something similar to `org.seleniumhq.selenium:selenium-devtools-v86:4.15.0` where the version ("v86") matches the version of the chromium-based browser you're using and the version number of the artifact is the same as Selenium's.
]]></system-err>
  </testcase>
  <testcase name="testLoginWithExternalDataProvider[Admin, admin123, Pass](1)" classname="Testcases.LoginDataDrivenTest" time="7.368">
    <system-out><![CDATA[2026-01-04 12:07:11 [main] INFO  Testcases.LoginDataDrivenTest - Browser closed
2026-01-04 12:07:11 [main] INFO  Testcases.LoginDataDrivenTest - Config file loaded successfully
2026-01-04 12:07:14 [main] INFO  Testcases.LoginDataDrivenTest - Local WebDriver initialized
2026-01-04 12:07:14 [main] INFO  Testcases.LoginDataDrivenTest - Local Browser launched: chrome
2026-01-04 12:07:17 [main] INFO  Testcases.LoginDataDrivenTest - Navigated to: https://opensource-demo.orangehrmlive.com/web/index.php/auth/login
]]></system-out>
    <system-err><![CDATA[Jan 04, 2026 12:07:14 PM org.openqa.selenium.devtools.CdpVersionFinder findNearestMatch
WARNING: Unable to find CDP implementation matching 143
Jan 04, 2026 12:07:14 PM org.openqa.selenium.chromium.ChromiumDriver lambda$new$5
WARNING: Unable to find version of CDP to use for 143.0.7499.170. You may need to include a dependency on a specific version of the CDP using something similar to `org.seleniumhq.selenium:selenium-devtools-v86:4.15.0` where the version ("v86") matches the version of the chromium-based browser you're using and the version number of the artifact is the same as Selenium's.
]]></system-err>
  </testcase>
  <testcase name="testLoginWithExternalDataProvider[fdhg, ghkgf, Fail](2)" classname="Testcases.LoginDataDrivenTest" time="5.348">
    <system-out><![CDATA[2026-01-04 12:07:25 [main] INFO  Testcases.LoginDataDrivenTest - Browser closed
2026-01-04 12:07:25 [main] INFO  Testcases.LoginDataDrivenTest - Config file loaded successfully
2026-01-04 12:07:28 [main] INFO  Testcases.LoginDataDrivenTest - Local WebDriver initialized
2026-01-04 12:07:28 [main] INFO  Testcases.LoginDataDrivenTest - Local Browser launched: chrome
2026-01-04 12:07:33 [main] INFO  Testcases.LoginDataDrivenTest - Navigated to: https://opensource-demo.orangehrmlive.com/web/index.php/auth/login
]]></system-out>
    <system-err><![CDATA[Jan 04, 2026 12:07:28 PM org.openqa.selenium.devtools.CdpVersionFinder findNearestMatch
WARNING: Unable to find CDP implementation matching 143
Jan 04, 2026 12:07:28 PM org.openqa.selenium.chromium.ChromiumDriver lambda$new$5
WARNING: Unable to find version of CDP to use for 143.0.7499.170. You may need to include a dependency on a specific version of the CDP using something similar to `org.seleniumhq.selenium:selenium-devtools-v86:4.15.0` where the version ("v86") matches the version of the chromium-based browser you're using and the version number of the artifact is the same as Selenium's.
]]></system-err>
  </testcase>
  <testcase name="testLoginWithExternalDataProvider[jkjjkhhg, jgllijtli, Fail](3)" classname="Testcases.LoginDataDrivenTest" time="5.31">
    <system-out><![CDATA[2026-01-04 12:07:39 [main] INFO  Testcases.LoginDataDrivenTest - Browser closed
2026-01-04 12:07:39 [main] INFO  Testcases.LoginDataDrivenTest - Config file loaded successfully
2026-01-04 12:07:42 [main] INFO  Testcases.LoginDataDrivenTest - Local WebDriver initialized
2026-01-04 12:07:42 [main] INFO  Testcases.LoginDataDrivenTest - Local Browser launched: chrome
2026-01-04 12:07:46 [main] INFO  Testcases.LoginDataDrivenTest - Navigated to: https://opensource-demo.orangehrmlive.com/web/index.php/auth/login
]]></system-out>
    <system-err><![CDATA[Jan 04, 2026 12:07:42 PM org.openqa.selenium.devtools.CdpVersionFinder findNearestMatch
WARNING: Unable to find CDP implementation matching 143
Jan 04, 2026 12:07:42 PM org.openqa.selenium.chromium.ChromiumDriver lambda$new$5
WARNING: Unable to find version of CDP to use for 143.0.7499.170. You may need to include a dependency on a specific version of the CDP using something similar to `org.seleniumhq.selenium:selenium-devtools-v86:4.15.0` where the version ("v86") matches the version of the chromium-based browser you're using and the version number of the artifact is the same as Selenium's.
]]></system-err>
  </testcase>
  <testcase name="testLoginAndUpdateResult" classname="Testcases.LoginDataDrivenTest" time="12.009">
    <system-out><![CDATA[2026-01-04 12:07:52 [main] INFO  Testcases.LoginDataDrivenTest - Browser closed
2026-01-04 12:07:52 [main] INFO  Testcases.LoginDataDrivenTest - Config file loaded successfully
2026-01-04 12:07:55 [main] INFO  Testcases.LoginDataDrivenTest - Local WebDriver initialized
2026-01-04 12:07:55 [main] INFO  Testcases.LoginDataDrivenTest - Local Browser launched: chrome
2026-01-04 12:07:56 [main] INFO  Testcases.LoginDataDrivenTest - Navigated to: https://opensource-demo.orangehrmlive.com/web/index.php/auth/login
]]></system-out>
    <system-err><![CDATA[Jan 04, 2026 12:07:55 PM org.openqa.selenium.devtools.CdpVersionFinder findNearestMatch
WARNING: Unable to find CDP implementation matching 143
Jan 04, 2026 12:07:55 PM org.openqa.selenium.chromium.ChromiumDriver lambda$new$5
WARNING: Unable to find version of CDP to use for 143.0.7499.170. You may need to include a dependency on a specific version of the CDP using something similar to `org.seleniumhq.selenium:selenium-devtools-v86:4.15.0` where the version ("v86") matches the version of the chromium-based browser you're using and the version number of the artifact is the same as Selenium's.
]]></system-err>
  </testcase>
</testsuite>