<?xml version="1.0" encoding="UTF-8"?>
<testng-results ignored="0" total="13" passed="11" failed="2" skipped="0">
  <reporter-output>
  </reporter-output>
  <suite started-at="2026-01-04T12:05:23 IST" name="Multi Group Test Suite" finished-at="2026-01-04T12:10:02 IST" duration-ms="279169">
    <groups>
      <group name="excel">
        <method signature="LoginDataDrivenTest.testLoginAndUpdateResult()[pri:3, instance:Testcases.LoginDataDrivenTest@1972e513]" name="testLoginAndUpdateResult" class="Testcases.LoginDataDrivenTest"/>
      </group> <!-- excel -->
      <group name="datadriven">
        <method signature="LoginDataDrivenTest.testLoginWithLocalDataProvider(java.lang.String,java.lang.String,java.lang.String)[pri:1, instance:Testcases.LoginDataDrivenTest@1972e513]" name="testLoginWithLocalDataProvider" class="Testcases.LoginDataDrivenTest"/>
        <method signature="LoginDataDrivenTest.testLoginWithExternalDataProvider(java.lang.String,java.lang.String,java.lang.String)[pri:2, instance:Testcases.LoginDataDrivenTest@1972e513]" name="testLoginWithExternalDataProvider" class="Testcases.LoginDataDrivenTest"/>
        <method signature="LoginDataDrivenTest.testLoginAndUpdateResult()[pri:3, instance:Testcases.LoginDataDrivenTest@1972e513]" name="testLoginAndUpdateResult" class="Testcases.LoginDataDrivenTest"/>
      </group> <!-- datadriven -->
      <group name="regression">
        <method signature="LoginTestCase.testValidLogin()[pri:1, instance:Testcases.LoginTestCase@8f2ef19]" name="testValidLogin" class="Testcases.LoginTestCase"/>
        <method signature="LoginTestCase.testInvalidLogin()[pri:2, instance:Testcases.LoginTestCase@8f2ef19]" name="testInvalidLogin" class="Testcases.LoginTestCase"/>
        <method signature="LoginDataDrivenTest.testLoginWithLocalDataProvider(java.lang.String,java.lang.String,java.lang.String)[pri:1, instance:Testcases.LoginDataDrivenTest@1972e513]" name="testLoginWithLocalDataProvider" class="Testcases.LoginDataDrivenTest"/>
        <method signature="LoginDataDrivenTest.testLoginWithExternalDataProvider(java.lang.String,java.lang.String,java.lang.String)[pri:2, instance:Testcases.LoginDataDrivenTest@1972e513]" name="testLoginWithExternalDataProvider" class="Testcases.LoginDataDrivenTest"/>
        <method signature="LoginDataDrivenTest.testLoginAndUpdateResult()[pri:3, instance:Testcases.LoginDataDrivenTest@1972e513]" name="testLoginAndUpdateResult" class="Testcases.LoginDataDrivenTest"/>
        <method signature="LoginTestCase.testValidLogin()[pri:1, instance:Testcases.LoginTestCase@6f10d5b6]" name="testValidLogin" class="Testcases.LoginTestCase"/>
        <method signature="LoginTestCase.testInvalidLogin()[pri:2, instance:Testcases.LoginTestCase@6f10d5b6]" name="testInvalidLogin" class="Testcases.LoginTestCase"/>
        <method signature="LoginTestCase.testEmptyCredentials()[pri:3, instance:Testcases.LoginTestCase@6f10d5b6]" name="testEmptyCredentials" class="Testcases.LoginTestCase"/>
      </group> <!-- regression -->
      <group name="smoke">
        <method signature="LoginTestCase.testValidLogin()[pri:1, instance:Testcases.LoginTestCase@8f2ef19]" name="testValidLogin" class="Testcases.LoginTestCase"/>
        <method signature="LoginTestCase.testInvalidLogin()[pri:2, instance:Testcases.LoginTestCase@8f2ef19]" name="testInvalidLogin" class="Testcases.LoginTestCase"/>
        <method signature="LoginTestCase.testValidLogin()[pri:1, instance:Testcases.LoginTestCase@6f10d5b6]" name="testValidLogin" class="Testcases.LoginTestCase"/>
        <method signature="LoginTestCase.testInvalidLogin()[pri:2, instance:Testcases.LoginTestCase@6f10d5b6]" name="testInvalidLogin" class="Testcases.LoginTestCase"/>
      </group> <!-- smoke -->
      <group name="sanity">
        <method signature="LoginTestCase.testLoginPageDisplayed()[pri:4, instance:Testcases.LoginTestCase@305ffe9e]" name="testLoginPageDisplayed" class="Testcases.LoginTestCase"/>
      </group> <!-- sanity -->
      <group name="login">
        <method signature="LoginTestCase.testValidLogin()[pri:1, instance:Testcases.LoginTestCase@8f2ef19]" name="testValidLogin" class="Testcases.LoginTestCase"/>
        <method signature="LoginTestCase.testInvalidLogin()[pri:2, instance:Testcases.LoginTestCase@8f2ef19]" name="testInvalidLogin" class="Testcases.LoginTestCase"/>
        <method signature="LoginTestCase.testValidLogin()[pri:1, instance:Testcases.LoginTestCase@6f10d5b6]" name="testValidLogin" class="Testcases.LoginTestCase"/>
        <method signature="LoginTestCase.testInvalidLogin()[pri:2, instance:Testcases.LoginTestCase@6f10d5b6]" name="testInvalidLogin" class="Testcases.LoginTestCase"/>
      </group> <!-- login -->
    </groups>
    <test started-at="2026-01-04T12:05:23 IST" name="Smoke Tests" finished-at="2026-01-04T12:06:11 IST" duration-ms="47773">
      <class name="Testcases.LoginTestCase">
        <test-method is-config="true" signature="setUp(java.lang.String,java.lang.String)[pri:0, instance:Testcases.LoginTestCase@8f2ef19]" started-at="2026-01-04T12:05:23 IST" name="setUp" finished-at="2026-01-04T12:05:32 IST" duration-ms="8460" status="PASS">
          <params>
            <param index="0">
              <value>
                <![CDATA[windows]]>
              </value>
            </param>
            <param index="1">
              <value>
                <![CDATA[chrome]]>
              </value>
            </param>
          </params>
          <reporter-output>
          </reporter-output>
        </test-method> <!-- setUp -->
        <test-method signature="testValidLogin()[pri:1, instance:Testcases.LoginTestCase@8f2ef19]" started-at="2026-01-04T12:05:32 IST" name="testValidLogin" description="Verify valid user can login successfully" finished-at="2026-01-04T12:05:57 IST" duration-ms="25485" status="FAIL">
          <exception class="java.lang.AssertionError">
            <message>
              <![CDATA[Login should be successful expected [true] but found [false]]]>
            </message>
            <full-stacktrace>
              <![CDATA[java.lang.AssertionError: Login should be successful expected [true] but found [false]
at org.testng.Assert.fail(Assert.java:111)
at org.testng.Assert.failNotEquals(Assert.java:1578)
at org.testng.Assert.assertTrue(Assert.java:57)
at Testcases.LoginTestCase.testValidLogin(LoginTestCase.java:55)
at java.base/jdk.internal.reflect.DirectMethodHandleAccessor.invoke(DirectMethodHandleAccessor.java:103)
at java.base/java.lang.reflect.Method.invoke(Method.java:580)
at org.testng.internal.invokers.MethodInvocationHelper.invokeMethod(MethodInvocationHelper.java:139)
at org.testng.internal.invokers.TestInvoker.invokeMethod(TestInvoker.java:664)
at org.testng.internal.invokers.TestInvoker.invokeTestMethod(TestInvoker.java:228)
at org.testng.internal.invokers.MethodRunner.runInSequence(MethodRunner.java:63)
at org.testng.internal.invokers.TestInvoker$MethodInvocationAgent.invoke(TestInvoker.java:961)
at org.testng.internal.invokers.TestInvoker.invokeTestMethods(TestInvoker.java:201)
at org.testng.internal.invokers.TestMethodWorker.invokeTestMethods(TestMethodWorker.java:148)
at org.testng.internal.invokers.TestMethodWorker.run(TestMethodWorker.java:128)
at java.base/java.util.ArrayList.forEach(ArrayList.java:1597)
at org.testng.TestRunner.privateRun(TestRunner.java:819)
at org.testng.TestRunner.run(TestRunner.java:619)
at org.testng.SuiteRunner.runTest(SuiteRunner.java:443)
at org.testng.SuiteRunner.runSequentially(SuiteRunner.java:437)
at org.testng.SuiteRunner.privateRun(SuiteRunner.java:397)
at org.testng.SuiteRunner.run(SuiteRunner.java:336)
at org.testng.SuiteRunnerWorker.runSuite(SuiteRunnerWorker.java:52)
at org.testng.SuiteRunnerWorker.run(SuiteRunnerWorker.java:95)
at org.testng.TestNG.runSuitesSequentially(TestNG.java:1301)
at org.testng.TestNG.runSuitesLocally(TestNG.java:1228)
at org.testng.TestNG.runSuites(TestNG.java:1134)
at org.testng.TestNG.run(TestNG.java:1101)
at org.apache.maven.surefire.testng.TestNGExecutor.run(TestNGExecutor.java:308)
at org.apache.maven.surefire.testng.TestNGXmlTestSuite.execute(TestNGXmlTestSuite.java:71)
at org.apache.maven.surefire.testng.TestNGProvider.invoke(TestNGProvider.java:113)
at org.apache.maven.surefire.booter.ForkedBooter.runSuitesInProcess(ForkedBooter.java:385)
at org.apache.maven.surefire.booter.ForkedBooter.execute(ForkedBooter.java:162)
at org.apache.maven.surefire.booter.ForkedBooter.run(ForkedBooter.java:507)
at org.apache.maven.surefire.booter.ForkedBooter.main(ForkedBooter.java:495)
]]>
            </full-stacktrace>
          </exception> <!-- java.lang.AssertionError -->
          <reporter-output>
          </reporter-output>
        </test-method> <!-- testValidLogin -->
        <test-method is-config="true" signature="tearDown()[pri:0, instance:Testcases.LoginTestCase@8f2ef19]" started-at="2026-01-04T12:05:57 IST" name="tearDown" finished-at="2026-01-04T12:05:58 IST" duration-ms="803" status="PASS">
          <reporter-output>
          </reporter-output>
        </test-method> <!-- tearDown -->
        <test-method is-config="true" signature="setUp(java.lang.String,java.lang.String)[pri:0, instance:Testcases.LoginTestCase@8f2ef19]" started-at="2026-01-04T12:05:58 IST" name="setUp" finished-at="2026-01-04T12:06:04 IST" duration-ms="5767" status="PASS">
          <params>
            <param index="0">
              <value>
                <![CDATA[windows]]>
              </value>
            </param>
            <param index="1">
              <value>
                <![CDATA[chrome]]>
              </value>
            </param>
          </params>
          <reporter-output>
          </reporter-output>
        </test-method> <!-- setUp -->
        <test-method signature="testInvalidLogin()[pri:2, instance:Testcases.LoginTestCase@8f2ef19]" started-at="2026-01-04T12:06:04 IST" name="testInvalidLogin" description="Verify invalid user cannot login" finished-at="2026-01-04T12:06:10 IST" duration-ms="5832" status="PASS">
          <reporter-output>
          </reporter-output>
        </test-method> <!-- testInvalidLogin -->
        <test-method is-config="true" signature="tearDown()[pri:0, instance:Testcases.LoginTestCase@8f2ef19]" started-at="2026-01-04T12:06:10 IST" name="tearDown" finished-at="2026-01-04T12:06:11 IST" duration-ms="878" status="PASS">
          <reporter-output>
          </reporter-output>
        </test-method> <!-- tearDown -->
      </class> <!-- Testcases.LoginTestCase -->
    </test> <!-- Smoke Tests -->
    <test started-at="2026-01-04T12:06:14 IST" name="Sanity Tests" finished-at="2026-01-04T12:06:27 IST" duration-ms="13624">
      <class name="Testcases.LoginTestCase">
        <test-method is-config="true" signature="setUp(java.lang.String,java.lang.String)[pri:0, instance:Testcases.LoginTestCase@305ffe9e]" started-at="2026-01-04T12:06:14 IST" name="setUp" finished-at="2026-01-04T12:06:24 IST" duration-ms="9795" status="PASS">
          <params>
            <param index="0">
              <value>
                <![CDATA[windows]]>
              </value>
            </param>
            <param index="1">
              <value>
                <![CDATA[chrome]]>
              </value>
            </param>
          </params>
          <reporter-output>
          </reporter-output>
        </test-method> <!-- setUp -->
        <test-method signature="testLoginPageDisplayed()[pri:4, instance:Testcases.LoginTestCase@305ffe9e]" started-at="2026-01-04T12:06:24 IST" name="testLoginPageDisplayed" description="Verify login page is displayed" finished-at="2026-01-04T12:06:27 IST" duration-ms="3368" status="PASS">
          <reporter-output>
          </reporter-output>
        </test-method> <!-- testLoginPageDisplayed -->
        <test-method is-config="true" signature="tearDown()[pri:0, instance:Testcases.LoginTestCase@305ffe9e]" started-at="2026-01-04T12:06:27 IST" name="tearDown" finished-at="2026-01-04T12:06:27 IST" duration-ms="457" status="PASS">
          <reporter-output>
          </reporter-output>
        </test-method> <!-- tearDown -->
      </class> <!-- Testcases.LoginTestCase -->
    </test> <!-- Sanity Tests -->
    <test started-at="2026-01-04T12:06:29 IST" name="Data Driven Tests" finished-at="2026-01-04T12:08:09 IST" duration-ms="99979">
      <class name="Testcases.LoginDataDrivenTest">
        <test-method is-config="true" signature="setUp(java.lang.String,java.lang.String)[pri:0, instance:Testcases.LoginDataDrivenTest@1972e513]" started-at="2026-01-04T12:06:29 IST" name="setUp" finished-at="2026-01-04T12:06:35 IST" duration-ms="6174" status="PASS">
          <params>
            <param index="0">
              <value>
                <![CDATA[windows]]>
              </value>
            </param>
            <param index="1">
              <value>
                <![CDATA[chrome]]>
              </value>
            </param>
          </params>
          <reporter-output>
          </reporter-output>
        </test-method> <!-- setUp -->
        <test-method signature="testLoginWithLocalDataProvider(java.lang.String,java.lang.String,java.lang.String)[pri:1, instance:Testcases.LoginDataDrivenTest@1972e513]" started-at="2026-01-04T12:06:35 IST" name="testLoginWithLocalDataProvider" description="Data Driven Login Test with Local DataProvider" data-provider="LoginDataLocal" finished-at="2026-01-04T12:06:45 IST" duration-ms="9246" status="PASS">
          <params>
            <param index="0">
              <value>
                <![CDATA[Admin]]>
              </value>
            </param>
            <param index="1">
              <value>
                <![CDATA[admin123]]>
              </value>
            </param>
            <param index="2">
              <value>
                <![CDATA[Pass]]>
              </value>
            </param>
          </params>
          <reporter-output>
          </reporter-output>
        </test-method> <!-- testLoginWithLocalDataProvider -->
        <test-method is-config="true" signature="tearDown()[pri:0, instance:Testcases.LoginDataDrivenTest@1972e513]" started-at="2026-01-04T12:06:45 IST" name="tearDown" finished-at="2026-01-04T12:06:46 IST" duration-ms="1338" status="PASS">
          <reporter-output>
          </reporter-output>
        </test-method> <!-- tearDown -->
        <test-method is-config="true" signature="setUp(java.lang.String,java.lang.String)[pri:0, instance:Testcases.LoginDataDrivenTest@1972e513]" started-at="2026-01-04T12:06:46 IST" name="setUp" finished-at="2026-01-04T12:06:53 IST" duration-ms="6873" status="PASS">
          <params>
            <param index="0">
              <value>
                <![CDATA[windows]]>
              </value>
            </param>
            <param index="1">
              <value>
                <![CDATA[chrome]]>
              </value>
            </param>
          </params>
          <reporter-output>
          </reporter-output>
        </test-method> <!-- setUp -->
        <test-method signature="testLoginWithLocalDataProvider(java.lang.String,java.lang.String,java.lang.String)[pri:1, instance:Testcases.LoginDataDrivenTest@1972e513]" started-at="2026-01-04T12:06:53 IST" name="testLoginWithLocalDataProvider" description="Data Driven Login Test with Local DataProvider" data-provider="LoginDataLocal" finished-at="2026-01-04T12:06:58 IST" duration-ms="5199" status="PASS">
          <params>
            <param index="0">
              <value>
                <![CDATA[fdhg]]>
              </value>
            </param>
            <param index="1">
              <value>
                <![CDATA[ghkgf]]>
              </value>
            </param>
            <param index="2">
              <value>
                <![CDATA[Fail]]>
              </value>
            </param>
          </params>
          <reporter-output>
          </reporter-output>
        </test-method> <!-- testLoginWithLocalDataProvider -->
        <test-method is-config="true" signature="tearDown()[pri:0, instance:Testcases.LoginDataDrivenTest@1972e513]" started-at="2026-01-04T12:06:58 IST" name="tearDown" finished-at="2026-01-04T12:06:59 IST" duration-ms="752" status="PASS">
          <reporter-output>
          </reporter-output>
        </test-method> <!-- tearDown -->
        <test-method is-config="true" signature="setUp(java.lang.String,java.lang.String)[pri:0, instance:Testcases.LoginDataDrivenTest@1972e513]" started-at="2026-01-04T12:06:59 IST" name="setUp" finished-at="2026-01-04T12:07:05 IST" duration-ms="6201" status="PASS">
          <params>
            <param index="0">
              <value>
                <![CDATA[windows]]>
              </value>
            </param>
            <param index="1">
              <value>
                <![CDATA[chrome]]>
              </value>
            </param>
          </params>
          <reporter-output>
          </reporter-output>
        </test-method> <!-- setUp -->
        <test-method signature="testLoginWithLocalDataProvider(java.lang.String,java.lang.String,java.lang.String)[pri:1, instance:Testcases.LoginDataDrivenTest@1972e513]" started-at="2026-01-04T12:07:05 IST" name="testLoginWithLocalDataProvider" description="Data Driven Login Test with Local DataProvider" data-provider="LoginDataLocal" finished-at="2026-01-04T12:07:10 IST" duration-ms="5348" status="PASS">
          <params>
            <param index="0">
              <value>
                <![CDATA[jkjjkhhg]]>
              </value>
            </param>
            <param index="1">
              <value>
                <![CDATA[jgllijtli]]>
              </value>
            </param>
            <param index="2">
              <value>
                <![CDATA[Fail]]>
              </value>
            </param>
          </params>
          <reporter-output>
          </reporter-output>
        </test-method> <!-- testLoginWithLocalDataProvider -->
        <test-method is-config="true" signature="tearDown()[pri:0, instance:Testcases.LoginDataDrivenTest@1972e513]" started-at="2026-01-04T12:07:10 IST" name="tearDown" finished-at="2026-01-04T12:07:11 IST" duration-ms="715" status="PASS">
          <reporter-output>
          </reporter-output>
        </test-method> <!-- tearDown -->
        <test-method is-config="true" signature="setUp(java.lang.String,java.lang.String)[pri:0, instance:Testcases.LoginDataDrivenTest@1972e513]" started-at="2026-01-04T12:07:11 IST" name="setUp" finished-at="2026-01-04T12:07:17 IST" duration-ms="6255" status="PASS">
          <params>
            <param index="0">
              <value>
                <![CDATA[windows]]>
              </value>
            </param>
            <param index="1">
              <value>
                <![CDATA[chrome]]>
              </value>
            </param>
          </params>
          <reporter-output>
          </reporter-output>
        </test-method> <!-- setUp -->
        <test-method signature="testLoginWithExternalDataProvider(java.lang.String,java.lang.String,java.lang.String)[pri:2, instance:Testcases.LoginDataDrivenTest@1972e513]" started-at="2026-01-04T12:07:17 IST" name="testLoginWithExternalDataProvider" description="Data Driven Login Test with External DataProvider" data-provider="LoginData" finished-at="2026-01-04T12:07:25 IST" duration-ms="7368" status="PASS">
          <params>
            <param index="0">
              <value>
                <![CDATA[Admin]]>
              </value>
            </param>
            <param index="1">
              <value>
                <![CDATA[admin123]]>
              </value>
            </param>
            <param index="2">
              <value>
                <![CDATA[Pass]]>
              </value>
            </param>
          </params>
          <reporter-output>
          </reporter-output>
        </test-method> <!-- testLoginWithExternalDataProvider -->
        <test-method is-config="true" signature="tearDown()[pri:0, instance:Testcases.LoginDataDrivenTest@1972e513]" started-at="2026-01-04T12:07:25 IST" name="tearDown" finished-at="2026-01-04T12:07:25 IST" duration-ms="631" status="PASS">
          <reporter-output>
          </reporter-output>
        </test-method> <!-- tearDown -->
        <test-method is-config="true" signature="setUp(java.lang.String,java.lang.String)[pri:0, instance:Testcases.LoginDataDrivenTest@1972e513]" started-at="2026-01-04T12:07:25 IST" name="setUp" finished-at="2026-01-04T12:07:33 IST" duration-ms="7444" status="PASS">
          <params>
            <param index="0">
              <value>
                <![CDATA[windows]]>
              </value>
            </param>
            <param index="1">
              <value>
                <![CDATA[chrome]]>
              </value>
            </param>
          </params>
          <reporter-output>
          </reporter-output>
        </test-method> <!-- setUp -->
        <test-method signature="testLoginWithExternalDataProvider(java.lang.String,java.lang.String,java.lang.String)[pri:2, instance:Testcases.LoginDataDrivenTest@1972e513]" started-at="2026-01-04T12:07:33 IST" name="testLoginWithExternalDataProvider" description="Data Driven Login Test with External DataProvider" data-provider="LoginData" finished-at="2026-01-04T12:07:38 IST" duration-ms="5349" status="PASS">
          <params>
            <param index="0">
              <value>
                <![CDATA[fdhg]]>
              </value>
            </param>
            <param index="1">
              <value>
                <![CDATA[ghkgf]]>
              </value>
            </param>
            <param index="2">
              <value>
                <![CDATA[Fail]]>
              </value>
            </param>
          </params>
          <reporter-output>
          </reporter-output>
        </test-method> <!-- testLoginWithExternalDataProvider -->
        <test-method is-config="true" signature="tearDown()[pri:0, instance:Testcases.LoginDataDrivenTest@1972e513]" started-at="2026-01-04T12:07:38 IST" name="tearDown" finished-at="2026-01-04T12:07:39 IST" duration-ms="819" status="PASS">
          <reporter-output>
          </reporter-output>
        </test-method> <!-- tearDown -->
        <test-method is-config="true" signature="setUp(java.lang.String,java.lang.String)[pri:0, instance:Testcases.LoginDataDrivenTest@1972e513]" started-at="2026-01-04T12:07:39 IST" name="setUp" finished-at="2026-01-04T12:07:46 IST" duration-ms="6628" status="PASS">
          <params>
            <param index="0">
              <value>
                <![CDATA[windows]]>
              </value>
            </param>
            <param index="1">
              <value>
                <![CDATA[chrome]]>
              </value>
            </param>
          </params>
          <reporter-output>
          </reporter-output>
        </test-method> <!-- setUp -->
        <test-method signature="testLoginWithExternalDataProvider(java.lang.String,java.lang.String,java.lang.String)[pri:2, instance:Testcases.LoginDataDrivenTest@1972e513]" started-at="2026-01-04T12:07:46 IST" name="testLoginWithExternalDataProvider" description="Data Driven Login Test with External DataProvider" data-provider="LoginData" finished-at="2026-01-04T12:07:51 IST" duration-ms="5309" status="PASS">
          <params>
            <param index="0">
              <value>
                <![CDATA[jkjjkhhg]]>
              </value>
            </param>
            <param index="1">
              <value>
                <![CDATA[jgllijtli]]>
              </value>
            </param>
            <param index="2">
              <value>
                <![CDATA[Fail]]>
              </value>
            </param>
          </params>
          <reporter-output>
          </reporter-output>
        </test-method> <!-- testLoginWithExternalDataProvider -->
        <test-method is-config="true" signature="tearDown()[pri:0, instance:Testcases.LoginDataDrivenTest@1972e513]" started-at="2026-01-04T12:07:51 IST" name="tearDown" finished-at="2026-01-04T12:07:52 IST" duration-ms="766" status="PASS">
          <reporter-output>
          </reporter-output>
        </test-method> <!-- tearDown -->
        <test-method is-config="true" signature="setUp(java.lang.String,java.lang.String)[pri:0, instance:Testcases.LoginDataDrivenTest@1972e513]" started-at="2026-01-04T12:07:52 IST" name="setUp" finished-at="2026-01-04T12:07:56 IST" duration-ms="4342" status="PASS">
          <params>
            <param index="0">
              <value>
                <![CDATA[windows]]>
              </value>
            </param>
            <param index="1">
              <value>
                <![CDATA[chrome]]>
              </value>
            </param>
          </params>
          <reporter-output>
          </reporter-output>
        </test-method> <!-- setUp -->
        <test-method signature="testLoginAndUpdateResult()[pri:3, instance:Testcases.LoginDataDrivenTest@1972e513]" started-at="2026-01-04T12:07:56 IST" name="testLoginAndUpdateResult" description="Login Test with Excel Result Update" finished-at="2026-01-04T12:08:08 IST" duration-ms="12010" status="PASS">
          <reporter-output>
          </reporter-output>
        </test-method> <!-- testLoginAndUpdateResult -->
        <test-method is-config="true" signature="tearDown()[pri:0, instance:Testcases.LoginDataDrivenTest@1972e513]" started-at="2026-01-04T12:08:08 IST" name="tearDown" finished-at="2026-01-04T12:08:09 IST" duration-ms="1122" status="PASS">
          <reporter-output>
          </reporter-output>
        </test-method> <!-- tearDown -->
      </class> <!-- Testcases.LoginDataDrivenTest -->
    </test> <!-- Data Driven Tests -->
    <test started-at="2026-01-04T12:08:12 IST" name="All Except DataDriven" finished-at="2026-01-04T12:10:02 IST" duration-ms="109906">
      <class name="Testcases.LoginTestCase">
        <test-method is-config="true" signature="setUp(java.lang.String,java.lang.String)[pri:0, instance:Testcases.LoginTestCase@6f10d5b6]" started-at="2026-01-04T12:08:12 IST" name="setUp" finished-at="2026-01-04T12:08:17 IST" duration-ms="4825" status="PASS">
          <params>
            <param index="0">
              <value>
                <![CDATA[windows]]>
              </value>
            </param>
            <param index="1">
              <value>
                <![CDATA[chrome]]>
              </value>
            </param>
          </params>
          <reporter-output>
          </reporter-output>
        </test-method> <!-- setUp -->
        <test-method signature="testValidLogin()[pri:1, instance:Testcases.LoginTestCase@6f10d5b6]" started-at="2026-01-04T12:08:17 IST" name="testValidLogin" description="Verify valid user can login successfully" finished-at="2026-01-04T12:08:47 IST" duration-ms="30071" status="FAIL">
          <exception class="java.lang.AssertionError">
            <message>
              <![CDATA[Login should be successful expected [true] but found [false]]]>
            </message>
            <full-stacktrace>
              <![CDATA[java.lang.AssertionError: Login should be successful expected [true] but found [false]
at org.testng.Assert.fail(Assert.java:111)
at org.testng.Assert.failNotEquals(Assert.java:1578)
at org.testng.Assert.assertTrue(Assert.java:57)
at Testcases.LoginTestCase.testValidLogin(LoginTestCase.java:55)
at java.base/jdk.internal.reflect.DirectMethodHandleAccessor.invoke(DirectMethodHandleAccessor.java:103)
at java.base/java.lang.reflect.Method.invoke(Method.java:580)
at org.testng.internal.invokers.MethodInvocationHelper.invokeMethod(MethodInvocationHelper.java:139)
at org.testng.internal.invokers.TestInvoker.invokeMethod(TestInvoker.java:664)
at org.testng.internal.invokers.TestInvoker.invokeTestMethod(TestInvoker.java:228)
at org.testng.internal.invokers.MethodRunner.runInSequence(MethodRunner.java:63)
at org.testng.internal.invokers.TestInvoker$MethodInvocationAgent.invoke(TestInvoker.java:961)
at org.testng.internal.invokers.TestInvoker.invokeTestMethods(TestInvoker.java:201)
at org.testng.internal.invokers.TestMethodWorker.invokeTestMethods(TestMethodWorker.java:148)
at org.testng.internal.invokers.TestMethodWorker.run(TestMethodWorker.java:128)
at java.base/java.util.ArrayList.forEach(ArrayList.java:1597)
at org.testng.TestRunner.privateRun(TestRunner.java:819)
at org.testng.TestRunner.run(TestRunner.java:619)
at org.testng.SuiteRunner.runTest(SuiteRunner.java:443)
at org.testng.SuiteRunner.runSequentially(SuiteRunner.java:437)
at org.testng.SuiteRunner.privateRun(SuiteRunner.java:397)
at org.testng.SuiteRunner.run(SuiteRunner.java:336)
at org.testng.SuiteRunnerWorker.runSuite(SuiteRunnerWorker.java:52)
at org.testng.SuiteRunnerWorker.run(SuiteRunnerWorker.java:95)
at org.testng.TestNG.runSuitesSequentially(TestNG.java:1301)
at org.testng.TestNG.runSuitesLocally(TestNG.java:1228)
at org.testng.TestNG.runSuites(TestNG.java:1134)
at org.testng.TestNG.run(TestNG.java:1101)
at org.apache.maven.surefire.testng.TestNGExecutor.run(TestNGExecutor.java:308)
at org.apache.maven.surefire.testng.TestNGXmlTestSuite.execute(TestNGXmlTestSuite.java:71)
at org.apache.maven.surefire.testng.TestNGProvider.invoke(TestNGProvider.java:113)
at org.apache.maven.surefire.booter.ForkedBooter.runSuitesInProcess(ForkedBooter.java:385)
at org.apache.maven.surefire.booter.ForkedBooter.execute(ForkedBooter.java:162)
at org.apache.maven.surefire.booter.ForkedBooter.run(ForkedBooter.java:507)
at org.apache.maven.surefire.booter.ForkedBooter.main(ForkedBooter.java:495)
]]>
            </full-stacktrace>
          </exception> <!-- java.lang.AssertionError -->
          <reporter-output>
          </reporter-output>
        </test-method> <!-- testValidLogin -->
        <test-method is-config="true" signature="tearDown()[pri:0, instance:Testcases.LoginTestCase@6f10d5b6]" started-at="2026-01-04T12:08:47 IST" name="tearDown" finished-at="2026-01-04T12:08:48 IST" duration-ms="929" status="PASS">
          <reporter-output>
          </reporter-output>
        </test-method> <!-- tearDown -->
        <test-method is-config="true" signature="setUp(java.lang.String,java.lang.String)[pri:0, instance:Testcases.LoginTestCase@6f10d5b6]" started-at="2026-01-04T12:08:48 IST" name="setUp" finished-at="2026-01-04T12:08:58 IST" duration-ms="9781" status="PASS">
          <params>
            <param index="0">
              <value>
                <![CDATA[windows]]>
              </value>
            </param>
            <param index="1">
              <value>
                <![CDATA[chrome]]>
              </value>
            </param>
          </params>
          <reporter-output>
          </reporter-output>
        </test-method> <!-- setUp -->
        <test-method signature="testInvalidLogin()[pri:2, instance:Testcases.LoginTestCase@6f10d5b6]" started-at="2026-01-04T12:08:58 IST" name="testInvalidLogin" description="Verify invalid user cannot login" finished-at="2026-01-04T12:09:07 IST" duration-ms="8933" status="PASS">
          <reporter-output>
          </reporter-output>
        </test-method> <!-- testInvalidLogin -->
        <test-method is-config="true" signature="tearDown()[pri:0, instance:Testcases.LoginTestCase@6f10d5b6]" started-at="2026-01-04T12:09:07 IST" name="tearDown" finished-at="2026-01-04T12:09:08 IST" duration-ms="751" status="PASS">
          <reporter-output>
          </reporter-output>
        </test-method> <!-- tearDown -->
        <test-method is-config="true" signature="setUp(java.lang.String,java.lang.String)[pri:0, instance:Testcases.LoginTestCase@6f10d5b6]" started-at="2026-01-04T12:09:08 IST" name="setUp" finished-at="2026-01-04T12:09:15 IST" duration-ms="7436" status="PASS">
          <params>
            <param index="0">
              <value>
                <![CDATA[windows]]>
              </value>
            </param>
            <param index="1">
              <value>
                <![CDATA[chrome]]>
              </value>
            </param>
          </params>
          <reporter-output>
          </reporter-output>
        </test-method> <!-- setUp -->
        <test-method signature="testEmptyCredentials()[pri:3, instance:Testcases.LoginTestCase@6f10d5b6]" started-at="2026-01-04T12:09:15 IST" name="testEmptyCredentials" description="Verify login with empty credentials" finished-at="2026-01-04T12:10:01 IST" duration-ms="46328" status="PASS">
          <reporter-output>
          </reporter-output>
        </test-method> <!-- testEmptyCredentials -->
        <test-method is-config="true" signature="tearDown()[pri:0, instance:Testcases.LoginTestCase@6f10d5b6]" started-at="2026-01-04T12:10:01 IST" name="tearDown" finished-at="2026-01-04T12:10:02 IST" duration-ms="646" status="PASS">
          <reporter-output>
          </reporter-output>
        </test-method> <!-- tearDown -->
      </class> <!-- Testcases.LoginTestCase -->
    </test> <!-- All Except DataDriven -->
  </suite> <!-- Multi Group Test Suite -->
</testng-results>
