<?xml version="1.0" encoding="UTF-8"?>
<!-- Generated by org.testng.reporters.JUnitXMLReporter -->
<testsuite ignored="0" hostname="MAA2-5CG128971J" failures="3" tests="3" name="ChromeTest" time="30.647" errors="0" timestamp="2025-12-28T11:52:02 IST">
  <testcase classname="Testcases.LoginTestCase" name="loginPageValidLogin" time="0.01">
    <failure type="java.lang.Error" message="Unresolved compilation problem: 
	The field BaseClass.driver is not visible
">
      <![CDATA[java.lang.Error: Unresolved compilation problem: 
The field BaseClass.driver is not visible

at Testcases.LoginTestCase.loginPageValidLogin(LoginTestCase.java:15)
at java.base/java.util.ArrayList.forEach(ArrayList.java:1597)
at java.base/java.util.concurrent.FutureTask.run(FutureTask.java:317)
at java.base/java.util.concurrent.ThreadPoolExecutor.runWorker(ThreadPoolExecutor.java:1144)
at java.base/java.util.concurrent.ThreadPoolExecutor$Worker.run(ThreadPoolExecutor.java:642)
at java.base/java.lang.Thread.run(Thread.java:1570)
... Removed 15 stack frames]]>
    </failure>
  </testcase> <!-- loginPageValidLogin -->
  <testcase classname="Testcases.LoginTestCase" name="loginPageInvalidLogin" time="0.007">
    <failure type="java.lang.Error" message="Unresolved compilation problems: 
	The field BaseClass.driver is not visible
	The method generateRandomUsername() is undefined for the type LoginTestCase
	The method generateRandomPassword() is undefined for the type LoginTestCase
">
      <![CDATA[java.lang.Error: Unresolved compilation problems: 
The field BaseClass.driver is not visible
The method generateRandomUsername() is undefined for the type LoginTestCase
The method generateRandomPassword() is undefined for the type LoginTestCase

at Testcases.LoginTestCase.loginPageInvalidLogin(LoginTestCase.java:30)
at java.base/java.util.ArrayList.forEach(ArrayList.java:1597)
at java.base/java.util.concurrent.FutureTask.run(FutureTask.java:317)
at java.base/java.util.concurrent.ThreadPoolExecutor.runWorker(ThreadPoolExecutor.java:1144)
at java.base/java.util.concurrent.ThreadPoolExecutor$Worker.run(ThreadPoolExecutor.java:642)
at java.base/java.lang.Thread.run(Thread.java:1570)
... Removed 15 stack frames]]>
    </failure>
  </testcase> <!-- loginPageInvalidLogin -->
  <testcase classname="Testcases.LoginTestCase" name="loginPageEmptyCredentials" time="0.004">
    <failure type="java.lang.Error" message="Unresolved compilation problem: 
	The field BaseClass.driver is not visible
">
      <![CDATA[java.lang.Error: Unresolved compilation problem: 
The field BaseClass.driver is not visible

at Testcases.LoginTestCase.loginPageEmptyCredentials(LoginTestCase.java:49)
at java.base/java.util.ArrayList.forEach(ArrayList.java:1597)
at java.base/java.util.concurrent.FutureTask.run(FutureTask.java:317)
at java.base/java.util.concurrent.ThreadPoolExecutor.runWorker(ThreadPoolExecutor.java:1144)
at java.base/java.util.concurrent.ThreadPoolExecutor$Worker.run(ThreadPoolExecutor.java:642)
at java.base/java.lang.Thread.run(Thread.java:1570)
... Removed 15 stack frames]]>
    </failure>
  </testcase> <!-- loginPageEmptyCredentials -->
</testsuite> <!-- ChromeTest -->
