<?xml version="1.0" encoding="UTF-8"?>
<!-- Generated by org.testng.reporters.JUnitXMLReporter -->
<testsuite ignored="0" hostname="MAA2-5CG128971J" failures="0" tests="3" name="ChromeTests" time="37.924" errors="0" timestamp="2025-12-28T12:18:12 IST">
  <testcase classname="Testcases.LoginTestCase" name="validLoginTest" time="0.114"/>
  <testcase classname="Testcases.LoginTestCase" name="invalidLoginTest" time="0.005"/>
  <testcase classname="Testcases.LoginTestCase" name="emptyLoginTest" time="0.003"/>
</testsuite> <!-- ChromeTests -->
