<?xml version="1.0" encoding="UTF-8"?>
<!-- Generated by org.testng.reporters.JUnitXMLReporter -->
<testsuite ignored="0" hostname="MAA2-5CG128971J" failures="0" tests="3" name="EdgeTest" time="1.739" errors="0" timestamp="2025-12-28T11:51:34 IST">
  <testcase classname="Testcases.LoginTestCase" name="loginPageValidLogin" time="0.0">
    <skipped/>
  </testcase> <!-- loginPageValidLogin -->
  <testcase classname="Testcases.LoginTestCase" name="loginPageInvalidLogin" time="0.0">
    <skipped/>
  </testcase> <!-- loginPageInvalidLogin -->
  <testcase classname="Testcases.LoginTestCase" name="loginPageEmptyCredentials" time="0.0">
    <skipped/>
  </testcase> <!-- loginPageEmptyCredentials -->
</testsuite> <!-- EdgeTest -->
