<?xml version="1.0" encoding="UTF-8"?>
<!-- Generated by org.testng.reporters.JUnitReportReporter -->
<testsuite hostname="MAA2-5CG128971J" failures="0" tests="7" name="Testcases.LoginDataDrivenTest" time="99.889" errors="0" timestamp="2026-01-04T12:10:05 IST" skipped="0">
  <testcase classname="Testcases.LoginDataDrivenTest" name="testLoginWithLocalDataProvider" time="16.267"/>
  <testcase classname="Testcases.LoginDataDrivenTest" name="testLoginWithLocalDataProvider" time="13.981"/>
  <testcase classname="Testcases.LoginDataDrivenTest" name="testLoginWithLocalDataProvider" time="10.812"/>
  <testcase classname="Testcases.LoginDataDrivenTest" name="testLoginWithExternalDataProvider" time="12.796"/>
  <testcase classname="Testcases.LoginDataDrivenTest" name="testLoginWithExternalDataProvider" time="14.257"/>
  <testcase classname="Testcases.LoginDataDrivenTest" name="testLoginWithExternalDataProvider" time="12.141"/>
  <testcase classname="Testcases.LoginDataDrivenTest" name="testLoginAndUpdateResult" time="19.635"/>
</testsuite> <!-- Testcases.LoginDataDrivenTest -->
